# configure exec: ./configure --prefix=/home/deepakkumar/Public/DKD/Development/DiverseLynx_Assignment/assignment1/node_modules/node-rdkafka/build/deps --libdir=/home/deepakkumar/Public/DKD/Development/DiverseLynx_Assignment/assignment1/node_modules/node-rdkafka/build/deps --prefix=/home/deepakkumar/Public/DKD/Development/DiverseLynx_Assignment/assignment1/node_modules/node-rdkafka/build/deps --libdir=/home/deepakkumar/Public/DKD/Development/DiverseLynx_Assignment/assignment1/node_modules/node-rdkafka/build/deps
# On Thu 21 Mar 2024 05:15:12 PM IST
DBG 153151: Setting distro (distro) status to ok (action ignore)
DBG 153151: ccenv: WITH_CC:  --version failed: mklove/modules/configure.base: line 1824: --version: command not found
DBG 153151: Setting ccenv (ccenv) status to failed (action cont)
DBG 153151: Check ccenv (WITH_CC, action cont (originally cont)) failed: command ' --version' failed:
mklove/modules/configure.base: line 1824: --version: command not found
DBG 153151: Setting gcc (gcc) status to ok (action cont)
DBG 153151: cxxenv: WITH_CXX:  --version failed: mklove/modules/configure.base: line 1824: --version: command not found
DBG 153151: Setting cxxenv (cxxenv) status to failed (action cont)
DBG 153151: Check cxxenv (WITH_CXX, action cont (originally cont)) failed: command ' --version' failed:
mklove/modules/configure.base: line 1824: --version: command not found
DBG 153151: Setting gxx (gxx) status to ok (action cont)
DBG 153151: Setting ld (ld) status to ok (action disable)
DBG 153151: Setting nm (nm) status to ok (action disable)
DBG 153151: Setting objdump (objdump) status to ok (action disable)
DBG 153151: Setting strip (strip) status to ok (action disable)
DBG 153151: libtool: : libtool is not executable: 
DBG 153151: Setting libtool (libtool) status to failed (action disable)
DBG 153151: Check libtool (, action disable (originally disable)) failed: libtool is not executable
DBG 153151: Setting ranlib (ranlib) status to ok (action disable)
DBG 153151: pkgconfig: WITH_PKGCONFIG: pkg-config --version failed: mklove/modules/configure.base: line 1824: pkg-config: command not found
DBG 153151: Setting pkgconfig (pkgconfig) status to failed (action cont)
DBG 153151: Check pkgconfig (WITH_PKGCONFIG, action cont (originally cont)) failed: command 'pkg-config --version' failed:
mklove/modules/configure.base: line 1824: pkg-config: command not found
DBG 153151: Setting install (install) status to ok (action cont)
DBG 153151: Setting gnuar (gnuar) status to ok (action disable)
DBG 153151: Compile check PIC (HAVE_PIC) (sub=0): gcc  -g -O2 -Wall -Werror _mkltmpnTvYDj.c -o _mkltmpnTvYDj.c.o  -L/home/deepakkumar/Public/DKD/Development/DiverseLynx_Assignment/assignment1/node_modules/node-rdkafka/build/deps -fPIC 
DBG 153151: Setting PIC (PIC) status to ok (action disable)
DBG 153151: Compile check gnulib (WITH_GNULD) (sub=0): gcc  -g -O2 -fPIC -Wall -Werror _mkltmpDPGWek.c -o _mkltmpDPGWek.c.o  -L/home/deepakkumar/Public/DKD/Development/DiverseLynx_Assignment/assignment1/node_modules/node-rdkafka/build/deps -shared -Wl,-soname,mkltest.0 
DBG 153151: Setting gnulib (gnulib) status to ok (action cont)
DBG 153151: Compile check ldsflagvs () (sub=0): gcc  -g -O2 -fPIC -Wall -Werror _mkltmpOLiAdL.c -o _mkltmpOLiAdL.c.o  -L/home/deepakkumar/Public/DKD/Development/DiverseLynx_Assignment/assignment1/node_modules/node-rdkafka/build/deps -shared -Wl,--version-script=_mkltmpixP4F0 
DBG 153151: Setting ldsflagvs (ldsflagvs) status to ok (action cont)
DBG 153151: Compile check __atomic_32 (HAVE_ATOMICS_32) (sub=0): gcc  -g -O2 -fPIC -Wall -Werror _mkltmpiRshsc.c -o _mkltmpiRshsc.c.o  -L/home/deepakkumar/Public/DKD/Development/DiverseLynx_Assignment/assignment1/node_modules/node-rdkafka/build/deps  
DBG 153151: Setting __atomic_32 (__atomic_32) status to ok (action cont)
DBG 153151: Compile check __atomic_64 (HAVE_ATOMICS_64) (sub=0): gcc  -g -O2 -fPIC -Wall -Werror _mkltmpqPXJFj.c -o _mkltmpqPXJFj.c.o  -L/home/deepakkumar/Public/DKD/Development/DiverseLynx_Assignment/assignment1/node_modules/node-rdkafka/build/deps  
DBG 153151: Setting __atomic_64 (__atomic_64) status to ok (action cont)
DBG 153151: Compile check socket () (sub=0): gcc  -g -O2 -fPIC -Wall -Wsign-compare -Wfloat-equal -Wpointer-arith -Wcast-align -Wall -Werror _mkltmp1LAWLr.c -o _mkltmp1LAWLr.c.o  -L/home/deepakkumar/Public/DKD/Development/DiverseLynx_Assignment/assignment1/node_modules/node-rdkafka/build/deps  
DBG 153151: Setting socket (socket) status to ok (action cont)
DBG 153151: Setting parseversion (parseversion) status to ok (action cont)
DBG 153151: librt: Check for static library (libs -lrt, arfile variable STATIC_LIB_librt=, static filenames )
DBG 153151: Compile check librt () (sub=0): gcc  -g -O2 -fPIC -Wall -Wsign-compare -Wfloat-equal -Wpointer-arith -Wcast-align -Wall -Werror _mkltmpE9eHNZ.c -o _mkltmpE9eHNZ.c.o  -L/home/deepakkumar/Public/DKD/Development/DiverseLynx_Assignment/assignment1/node_modules/node-rdkafka/build/deps -lrt 
DBG 153151: Setting librt (librt) status to ok (action cont)
DBG 153151: librt: from lib_check: LIBS: prepend -lrt
DBG 153151: libpthread: Check for static library (libs -lpthread, arfile variable STATIC_LIB_libpthread=, static filenames )
DBG 153151: Compile check libpthread () (sub=0): gcc  -g -O2 -fPIC -Wall -Wsign-compare -Wfloat-equal -Wpointer-arith -Wcast-align -Wall -Werror _mkltmpiX8nfP.c -o _mkltmpiX8nfP.c.o  -L/home/deepakkumar/Public/DKD/Development/DiverseLynx_Assignment/assignment1/node_modules/node-rdkafka/build/deps -lpthread -lrt
DBG 153151: Setting libpthread (libpthread) status to ok (action fail)
DBG 153151: libpthread: from lib_check: LIBS: prepend -lpthread
DBG 153151: c11threads: Check for static library (libs -lpthread -lrt, arfile variable STATIC_LIB_c11threads=, static filenames )
DBG 153151: Compile check c11threads (WITH_C11THREADS) (sub=0): gcc  -g -O2 -fPIC -Wall -Wsign-compare -Wfloat-equal -Wpointer-arith -Wcast-align -Wall -Werror _mkltmpFesZug.c -o _mkltmpFesZug.c.o  -L/home/deepakkumar/Public/DKD/Development/DiverseLynx_Assignment/assignment1/node_modules/node-rdkafka/build/deps -lpthread -lrt -lpthread -lrt
DBG 153151: Setting c11threads (c11threads) status to ok (action disable)
DBG 153151: c11threads: from lib_check: LIBS: prepend -lpthread -lrt
DBG 153151: libdl: Check for static library (libs -ldl, arfile variable STATIC_LIB_libdl=, static filenames )
DBG 153151: Compile check libdl (WITH_LIBDL) (sub=0): gcc  -g -O2 -fPIC -Wall -Wsign-compare -Wfloat-equal -Wpointer-arith -Wcast-align -Wall -Werror _mkltmp7YbuND.c -o _mkltmp7YbuND.c.o  -L/home/deepakkumar/Public/DKD/Development/DiverseLynx_Assignment/assignment1/node_modules/node-rdkafka/build/deps -ldl -lpthread -lrt -lpthread -lrt
DBG 153151: Setting libdl (libdl) status to ok (action disable)
DBG 153151: libdl: from lib_check: LIBS: prepend -ldl
DBG 153151: zlib: Check for static library (libs -lz, arfile variable STATIC_LIB_zlib=, static filenames libz.a)
DBG 153151: Compile check zlib (WITH_ZLIB) (sub=0): gcc  -g -O2 -fPIC -Wall -Wsign-compare -Wfloat-equal -Wpointer-arith -Wcast-align -Wall -Werror _mkltmprTc6Ex.c -o _mkltmprTc6Ex.c.o  -L/home/deepakkumar/Public/DKD/Development/DiverseLynx_Assignment/assignment1/node_modules/node-rdkafka/build/deps -lz -ldl -lpthread -lrt -lpthread -lrt
DBG 153151: compile check for zlib (WITH_ZLIB) failed: gcc  -g -O2 -fPIC -Wall -Wsign-compare -Wfloat-equal -Wpointer-arith -Wcast-align -Wall -Werror _mkltmprTc6Ex.c -o _mkltmprTc6Ex.c.o  -L/home/deepakkumar/Public/DKD/Development/DiverseLynx_Assignment/assignment1/node_modules/node-rdkafka/build/deps -lz -ldl -lpthread -lrt -lpthread -lrt: _mkltmprTc6Ex.c:3:10: fatal error: zlib.h: No such file or directory
    3 | #include <zlib.h>
      |          ^~~~~~~~
compilation terminated.
DBG 153151: Setting zlib (zlib) status to failed (action disable)
DBG 153151: Check zlib (WITH_ZLIB, action disable (originally disable)) failed: compile check failed:
CC: CC
flags: -lz
gcc  -g -O2 -fPIC -Wall -Wsign-compare -Wfloat-equal -Wpointer-arith -Wcast-align -Wall -Werror _mkltmprTc6Ex.c -o _mkltmprTc6Ex.c.o  -L/home/deepakkumar/Public/DKD/Development/DiverseLynx_Assignment/assignment1/node_modules/node-rdkafka/build/deps -lz -ldl -lpthread -lrt -lpthread -lrt:
_mkltmprTc6Ex.c:3:10: fatal error: zlib.h: No such file or directory
    3 | #include <zlib.h>
      |          ^~~~~~~~
compilation terminated.
source: 
#include <stddef.h>
#include <zlib.h>

void foo (void) {
     z_stream *p = NULL;
     inflate(p, 0);
}

DBG 153151: libcrypto: Check for static library (libs -lcrypto, arfile variable STATIC_LIB_libcrypto=, static filenames libcrypto.a)
DBG 153151: Compile check libcrypto () (sub=0): gcc  -g -O2 -fPIC -Wall -Wsign-compare -Wfloat-equal -Wpointer-arith -Wcast-align -Wall -Werror _mkltmpFB9CBX.c -o _mkltmpFB9CBX.c.o  -L/home/deepakkumar/Public/DKD/Development/DiverseLynx_Assignment/assignment1/node_modules/node-rdkafka/build/deps -lcrypto -ldl -lpthread -lrt -lpthread -lrt
DBG 153151: Setting libcrypto (libcrypto) status to ok (action disable)
DBG 153151: libcrypto: from lib_check: LIBS: prepend -lcrypto
DBG 153151: libssl: Check for static library (libs -lssl -lcrypto, arfile variable STATIC_LIB_libssl=, static filenames libssl.a)
DBG 153151: Compile check libssl (WITH_SSL) (sub=0): gcc  -g -O2 -fPIC -Wall -Wsign-compare -Wfloat-equal -Wpointer-arith -Wcast-align -Wall -Werror _mkltmpgXXXpP.c -o _mkltmpgXXXpP.c.o  -L/home/deepakkumar/Public/DKD/Development/DiverseLynx_Assignment/assignment1/node_modules/node-rdkafka/build/deps -lssl -lcrypto -lcrypto -ldl -lpthread -lrt -lpthread -lrt
DBG 153151: Setting libssl (libssl) status to ok (action disable)
DBG 153151: libssl: from lib_check: LIBS: prepend -lssl -lcrypto
DBG 153151: Compile check libcrypto () (sub=1): gcc  -g -O2 -fPIC -Wall -Wsign-compare -Wfloat-equal -Wpointer-arith -Wcast-align -Wall -Werror _mkltmptKjAuy.c -o _mkltmptKjAuy.c.o  -L/home/deepakkumar/Public/DKD/Development/DiverseLynx_Assignment/assignment1/node_modules/node-rdkafka/build/deps -lcrypto -lssl -lcrypto -lcrypto -ldl -lpthread -lrt -lpthread -lrt
DBG 153151: compile check for libcrypto () failed: gcc  -g -O2 -fPIC -Wall -Wsign-compare -Wfloat-equal -Wpointer-arith -Wcast-align -Wall -Werror _mkltmptKjAuy.c -o _mkltmptKjAuy.c.o  -L/home/deepakkumar/Public/DKD/Development/DiverseLynx_Assignment/assignment1/node_modules/node-rdkafka/build/deps -lcrypto -lssl -lcrypto -lcrypto -ldl -lpthread -lrt -lpthread -lrt: _mkltmptKjAuy.c:4:2: error: #error "OpenSSL version >= v3.0.0 needs OPENSSL_SUPPRESS_DEPRECATED"
    4 | #error "OpenSSL version >= v3.0.0 needs OPENSSL_SUPPRESS_DEPRECATED"
      |  ^~~~~
DBG 153151: libsasl2: Check for static library (libs -lsasl2, arfile variable STATIC_LIB_libsasl2=, static filenames )
DBG 153151: Compile check libsasl2 (WITH_SASL_CYRUS) (sub=0): gcc  -g -O2 -fPIC -Wall -Wsign-compare -Wfloat-equal -Wpointer-arith -Wcast-align -Wall -Werror _mkltmp8bSqjC.c -o _mkltmp8bSqjC.c.o  -L/home/deepakkumar/Public/DKD/Development/DiverseLynx_Assignment/assignment1/node_modules/node-rdkafka/build/deps -lsasl2 -lssl -lcrypto -lcrypto -ldl -lpthread -lrt -lpthread -lrt
DBG 153151: compile check for libsasl2 (WITH_SASL_CYRUS) failed: gcc  -g -O2 -fPIC -Wall -Wsign-compare -Wfloat-equal -Wpointer-arith -Wcast-align -Wall -Werror _mkltmp8bSqjC.c -o _mkltmp8bSqjC.c.o  -L/home/deepakkumar/Public/DKD/Development/DiverseLynx_Assignment/assignment1/node_modules/node-rdkafka/build/deps -lsasl2 -lssl -lcrypto -lcrypto -ldl -lpthread -lrt -lpthread -lrt: _mkltmp8bSqjC.c:3:10: fatal error: sasl/sasl.h: No such file or directory
    3 | #include <sasl/sasl.h>
      |          ^~~~~~~~~~~~~
compilation terminated.
DBG 153151: Setting libsasl2 (libsasl2) status to failed (action disable)
DBG 153151: Check libsasl2 (WITH_SASL_CYRUS, action disable (originally disable)) failed: compile check failed:
CC: CC
flags: -lsasl2
gcc  -g -O2 -fPIC -Wall -Wsign-compare -Wfloat-equal -Wpointer-arith -Wcast-align -Wall -Werror _mkltmp8bSqjC.c -o _mkltmp8bSqjC.c.o  -L/home/deepakkumar/Public/DKD/Development/DiverseLynx_Assignment/assignment1/node_modules/node-rdkafka/build/deps -lsasl2 -lssl -lcrypto -lcrypto -ldl -lpthread -lrt -lpthread -lrt:
_mkltmp8bSqjC.c:3:10: fatal error: sasl/sasl.h: No such file or directory
    3 | #include <sasl/sasl.h>
      |          ^~~~~~~~~~~~~
compilation terminated.
source: 
#include <stddef.h>
#include <sasl/sasl.h>

DBG 153151: libsasl: Check for static library (libs -lsasl, arfile variable STATIC_LIB_libsasl=, static filenames )
DBG 153151: Compile check libsasl (WITH_SASL_CYRUS) (sub=0): gcc  -g -O2 -fPIC -Wall -Wsign-compare -Wfloat-equal -Wpointer-arith -Wcast-align -Wall -Werror _mkltmp07AbDO.c -o _mkltmp07AbDO.c.o  -L/home/deepakkumar/Public/DKD/Development/DiverseLynx_Assignment/assignment1/node_modules/node-rdkafka/build/deps -lsasl -lssl -lcrypto -lcrypto -ldl -lpthread -lrt -lpthread -lrt
DBG 153151: compile check for libsasl (WITH_SASL_CYRUS) failed: gcc  -g -O2 -fPIC -Wall -Wsign-compare -Wfloat-equal -Wpointer-arith -Wcast-align -Wall -Werror _mkltmp07AbDO.c -o _mkltmp07AbDO.c.o  -L/home/deepakkumar/Public/DKD/Development/DiverseLynx_Assignment/assignment1/node_modules/node-rdkafka/build/deps -lsasl -lssl -lcrypto -lcrypto -ldl -lpthread -lrt -lpthread -lrt: _mkltmp07AbDO.c:3:10: fatal error: sasl/sasl.h: No such file or directory
    3 | #include <sasl/sasl.h>
      |          ^~~~~~~~~~~~~
compilation terminated.
DBG 153151: Setting libsasl (libsasl) status to failed (action disable)
DBG 153151: Check libsasl (WITH_SASL_CYRUS, action disable (originally disable)) failed: compile check failed:
CC: CC
flags: -lsasl
gcc  -g -O2 -fPIC -Wall -Wsign-compare -Wfloat-equal -Wpointer-arith -Wcast-align -Wall -Werror _mkltmp07AbDO.c -o _mkltmp07AbDO.c.o  -L/home/deepakkumar/Public/DKD/Development/DiverseLynx_Assignment/assignment1/node_modules/node-rdkafka/build/deps -lsasl -lssl -lcrypto -lcrypto -ldl -lpthread -lrt -lpthread -lrt:
_mkltmp07AbDO.c:3:10: fatal error: sasl/sasl.h: No such file or directory
    3 | #include <sasl/sasl.h>
      |          ^~~~~~~~~~~~~
compilation terminated.
source: 
#include <stddef.h>
#include <sasl/sasl.h>

DBG 153151: libzstd: Check for static library (libs -lzstd, arfile variable STATIC_LIB_libzstd=, static filenames libzstd.a)
DBG 153151: Compile check libzstd (WITH_ZSTD) (sub=0): gcc  -g -O2 -fPIC -Wall -Wsign-compare -Wfloat-equal -Wpointer-arith -Wcast-align -Wall -Werror _mkltmpJkcAX4.c -o _mkltmpJkcAX4.c.o  -L/home/deepakkumar/Public/DKD/Development/DiverseLynx_Assignment/assignment1/node_modules/node-rdkafka/build/deps -lzstd -lssl -lcrypto -lcrypto -ldl -lpthread -lrt -lpthread -lrt
DBG 153151: compile check for libzstd (WITH_ZSTD) failed: gcc  -g -O2 -fPIC -Wall -Wsign-compare -Wfloat-equal -Wpointer-arith -Wcast-align -Wall -Werror _mkltmpJkcAX4.c -o _mkltmpJkcAX4.c.o  -L/home/deepakkumar/Public/DKD/Development/DiverseLynx_Assignment/assignment1/node_modules/node-rdkafka/build/deps -lzstd -lssl -lcrypto -lcrypto -ldl -lpthread -lrt -lpthread -lrt: _mkltmpJkcAX4.c:2:10: fatal error: zstd.h: No such file or directory
    2 | #include <zstd.h>
      |          ^~~~~~~~
compilation terminated.
DBG 153151: Setting libzstd (libzstd) status to failed (action disable)
DBG 153151: Check libzstd (WITH_ZSTD, action disable (originally disable)) failed: compile check failed:
CC: CC
flags: -lzstd
gcc  -g -O2 -fPIC -Wall -Wsign-compare -Wfloat-equal -Wpointer-arith -Wcast-align -Wall -Werror _mkltmpJkcAX4.c -o _mkltmpJkcAX4.c.o  -L/home/deepakkumar/Public/DKD/Development/DiverseLynx_Assignment/assignment1/node_modules/node-rdkafka/build/deps -lzstd -lssl -lcrypto -lcrypto -ldl -lpthread -lrt -lpthread -lrt:
_mkltmpJkcAX4.c:2:10: fatal error: zstd.h: No such file or directory
    2 | #include <zstd.h>
      |          ^~~~~~~~
compilation terminated.
source: 
#include <zstd.h>
#include <zstd_errors.h>

void foo (void) {
     ZSTD_getFrameContentSize(NULL, 0);
}

DBG 153151: libcurl: Check for static library (libs -lcurl, arfile variable STATIC_LIB_libcurl=, static filenames libcurl.a)
DBG 153151: Compile check libcurl (WITH_CURL) (sub=0): gcc  -g -O2 -fPIC -Wall -Wsign-compare -Wfloat-equal -Wpointer-arith -Wcast-align -Wall -Werror _mkltmp2Ws9bC.c -o _mkltmp2Ws9bC.c.o  -L/home/deepakkumar/Public/DKD/Development/DiverseLynx_Assignment/assignment1/node_modules/node-rdkafka/build/deps -lcurl -lssl -lcrypto -lcrypto -ldl -lpthread -lrt -lpthread -lrt
DBG 153151: compile check for libcurl (WITH_CURL) failed: gcc  -g -O2 -fPIC -Wall -Wsign-compare -Wfloat-equal -Wpointer-arith -Wcast-align -Wall -Werror _mkltmp2Ws9bC.c -o _mkltmp2Ws9bC.c.o  -L/home/deepakkumar/Public/DKD/Development/DiverseLynx_Assignment/assignment1/node_modules/node-rdkafka/build/deps -lcurl -lssl -lcrypto -lcrypto -ldl -lpthread -lrt -lpthread -lrt: _mkltmp2Ws9bC.c:2:10: fatal error: curl/curl.h: No such file or directory
    2 | #include <curl/curl.h>
      |          ^~~~~~~~~~~~~
compilation terminated.
DBG 153151: Setting libcurl (libcurl) status to failed (action disable)
DBG 153151: Check libcurl (WITH_CURL, action disable (originally disable)) failed: compile check failed:
CC: CC
flags: -lcurl
gcc  -g -O2 -fPIC -Wall -Wsign-compare -Wfloat-equal -Wpointer-arith -Wcast-align -Wall -Werror _mkltmp2Ws9bC.c -o _mkltmp2Ws9bC.c.o  -L/home/deepakkumar/Public/DKD/Development/DiverseLynx_Assignment/assignment1/node_modules/node-rdkafka/build/deps -lcurl -lssl -lcrypto -lcrypto -ldl -lpthread -lrt -lpthread -lrt:
_mkltmp2Ws9bC.c:2:10: fatal error: curl/curl.h: No such file or directory
    2 | #include <curl/curl.h>
      |          ^~~~~~~~~~~~~
compilation terminated.
source: 
#include <curl/curl.h>

void foo (void) {
     curl_global_init(CURL_GLOBAL_DEFAULT);
}

DBG 153151: libm: Check for static library (libs -lm, arfile variable STATIC_LIB_libm=, static filenames )
DBG 153151: Compile check libm () (sub=0): gcc  -g -O2 -fPIC -Wall -Wsign-compare -Wfloat-equal -Wpointer-arith -Wcast-align -Wall -Werror _mkltmpKrj4lz.c -o _mkltmpKrj4lz.c.o  -L/home/deepakkumar/Public/DKD/Development/DiverseLynx_Assignment/assignment1/node_modules/node-rdkafka/build/deps -lm -lssl -lcrypto -lcrypto -ldl -lpthread -lrt -lpthread -lrt
DBG 153151: Setting libm (libm) status to ok (action disable)
DBG 153151: libm: from lib_check: LIBS: prepend -lm
DBG 153151: liblz4: Check for static library (libs -llz4, arfile variable STATIC_LIB_liblz4=, static filenames liblz4.a)
DBG 153151: Compile check liblz4 (WITH_LZ4_EXT) (sub=0): gcc  -g -O2 -fPIC -Wall -Wsign-compare -Wfloat-equal -Wpointer-arith -Wcast-align -Wall -Werror _mkltmp9zeIyW.c -o _mkltmp9zeIyW.c.o  -L/home/deepakkumar/Public/DKD/Development/DiverseLynx_Assignment/assignment1/node_modules/node-rdkafka/build/deps -llz4 -lm -lssl -lcrypto -lcrypto -ldl -lpthread -lrt -lpthread -lrt
DBG 153151: compile check for liblz4 (WITH_LZ4_EXT) failed: gcc  -g -O2 -fPIC -Wall -Wsign-compare -Wfloat-equal -Wpointer-arith -Wcast-align -Wall -Werror _mkltmp9zeIyW.c -o _mkltmp9zeIyW.c.o  -L/home/deepakkumar/Public/DKD/Development/DiverseLynx_Assignment/assignment1/node_modules/node-rdkafka/build/deps -llz4 -lm -lssl -lcrypto -lcrypto -ldl -lpthread -lrt -lpthread -lrt: _mkltmp9zeIyW.c:1:10: fatal error: lz4frame.h: No such file or directory
    1 | #include <lz4frame.h>
      |          ^~~~~~~~~~~~
compilation terminated.
DBG 153151: Setting liblz4 (liblz4) status to failed (action disable)
DBG 153151: Check liblz4 (WITH_LZ4_EXT, action disable (originally disable)) failed: compile check failed:
CC: CC
flags: -llz4
gcc  -g -O2 -fPIC -Wall -Wsign-compare -Wfloat-equal -Wpointer-arith -Wcast-align -Wall -Werror _mkltmp9zeIyW.c -o _mkltmp9zeIyW.c.o  -L/home/deepakkumar/Public/DKD/Development/DiverseLynx_Assignment/assignment1/node_modules/node-rdkafka/build/deps -llz4 -lm -lssl -lcrypto -lcrypto -ldl -lpthread -lrt -lpthread -lrt:
_mkltmp9zeIyW.c:1:10: fatal error: lz4frame.h: No such file or directory
    1 | #include <lz4frame.h>
      |          ^~~~~~~~~~~~
compilation terminated.
source: #include <lz4frame.h>
DBG 153151: Compile check syslog (WITH_SYSLOG) (sub=0): gcc  -g -O2 -fPIC -Wall -Wsign-compare -Wfloat-equal -Wpointer-arith -Wcast-align -Wall -Werror _mkltmp0WjTlc.c -o _mkltmp0WjTlc.c.o  -L/home/deepakkumar/Public/DKD/Development/DiverseLynx_Assignment/assignment1/node_modules/node-rdkafka/build/deps  -lm -lssl -lcrypto -lcrypto -ldl -lpthread -lrt -lpthread -lrt
DBG 153151: Setting syslog (syslog) status to ok (action disable)
DBG 153151: Compile check rapidjson (WITH_RAPIDJSON) (sub=0): g++  -g -O2 -fPIC -Wall -Wsign-compare -Wfloat-equal -Wpointer-arith -Wcast-align -Wall -Werror _mkltmpqFcymm.cpp -o _mkltmpqFcymm.cpp.o  -L/home/deepakkumar/Public/DKD/Development/DiverseLynx_Assignment/assignment1/node_modules/node-rdkafka/build/deps  -lm -lssl -lcrypto -lcrypto -ldl -lpthread -lrt -lpthread -lrt
DBG 153151: compile check for rapidjson (WITH_RAPIDJSON) failed: g++  -g -O2 -fPIC -Wall -Wsign-compare -Wfloat-equal -Wpointer-arith -Wcast-align -Wall -Werror _mkltmpqFcymm.cpp -o _mkltmpqFcymm.cpp.o  -L/home/deepakkumar/Public/DKD/Development/DiverseLynx_Assignment/assignment1/node_modules/node-rdkafka/build/deps  -lm -lssl -lcrypto -lcrypto -ldl -lpthread -lrt -lpthread -lrt: _mkltmpqFcymm.cpp:1:10: fatal error: rapidjson/schema.h: No such file or directory
    1 | #include <rapidjson/schema.h>
      |          ^~~~~~~~~~~~~~~~~~~~
compilation terminated.
DBG 153151: Setting rapidjson (rapidjson) status to failed (action disable)
DBG 153151: Check rapidjson (WITH_RAPIDJSON, action disable (originally disable)) failed: compile check failed:
CC: CXX
flags: 
g++  -g -O2 -fPIC -Wall -Wsign-compare -Wfloat-equal -Wpointer-arith -Wcast-align -Wall -Werror _mkltmpqFcymm.cpp -o _mkltmpqFcymm.cpp.o  -L/home/deepakkumar/Public/DKD/Development/DiverseLynx_Assignment/assignment1/node_modules/node-rdkafka/build/deps  -lm -lssl -lcrypto -lcrypto -ldl -lpthread -lrt -lpthread -lrt:
_mkltmpqFcymm.cpp:1:10: fatal error: rapidjson/schema.h: No such file or directory
    1 | #include <rapidjson/schema.h>
      |          ^~~~~~~~~~~~~~~~~~~~
compilation terminated.
source: #include <rapidjson/schema.h>
DBG 153151: Compile check crc32chw (WITH_CRC32C_HW) (sub=0): gcc  -g -O2 -fPIC -Wall -Wsign-compare -Wfloat-equal -Wpointer-arith -Wcast-align -Wall -Werror _mkltmpYgJveg.c -o _mkltmpYgJveg.c.o  -L/home/deepakkumar/Public/DKD/Development/DiverseLynx_Assignment/assignment1/node_modules/node-rdkafka/build/deps  -lm -lssl -lcrypto -lcrypto -ldl -lpthread -lrt -lpthread -lrt
DBG 153151: Setting crc32chw (crc32chw) status to ok (action disable)
DBG 153151: Compile check regex (HAVE_REGEX) (sub=0): gcc  -g -O2 -fPIC -Wall -Wsign-compare -Wfloat-equal -Wpointer-arith -Wcast-align -Wall -Werror _mkltmpEj0RSW.c -o _mkltmpEj0RSW.c.o  -L/home/deepakkumar/Public/DKD/Development/DiverseLynx_Assignment/assignment1/node_modules/node-rdkafka/build/deps  -lm -lssl -lcrypto -lcrypto -ldl -lpthread -lrt -lpthread -lrt
DBG 153151: Setting regex (regex) status to ok (action disable)
DBG 153151: Compile check rand_r (HAVE_RAND_R) (sub=0): gcc  -g -O2 -fPIC -Wall -Wsign-compare -Wfloat-equal -Wpointer-arith -Wcast-align -Wall -Werror _mkltmpZqHLCy.c -o _mkltmpZqHLCy.c.o  -L/home/deepakkumar/Public/DKD/Development/DiverseLynx_Assignment/assignment1/node_modules/node-rdkafka/build/deps  -lm -lssl -lcrypto -lcrypto -ldl -lpthread -lrt -lpthread -lrt
DBG 153151: Setting rand_r (rand_r) status to ok (action disable)
DBG 153151: Compile check strndup (HAVE_STRNDUP) (sub=0): gcc  -g -O2 -fPIC -Wall -Wsign-compare -Wfloat-equal -Wpointer-arith -Wcast-align -Wall -Werror _mkltmp8cUAH1.c -o _mkltmp8cUAH1.c.o  -L/home/deepakkumar/Public/DKD/Development/DiverseLynx_Assignment/assignment1/node_modules/node-rdkafka/build/deps  -lm -lssl -lcrypto -lcrypto -ldl -lpthread -lrt -lpthread -lrt
DBG 153151: Setting strndup (strndup) status to ok (action disable)
DBG 153151: Compile check strlcpy (HAVE_STRLCPY) (sub=0): gcc  -g -O2 -fPIC -Wall -Wsign-compare -Wfloat-equal -Wpointer-arith -Wcast-align -Wall -Werror _mkltmpOgcflh.c -o _mkltmpOgcflh.c.o  -L/home/deepakkumar/Public/DKD/Development/DiverseLynx_Assignment/assignment1/node_modules/node-rdkafka/build/deps  -lm -lssl -lcrypto -lcrypto -ldl -lpthread -lrt -lpthread -lrt
DBG 153151: compile check for strlcpy (HAVE_STRLCPY) failed: gcc  -g -O2 -fPIC -Wall -Wsign-compare -Wfloat-equal -Wpointer-arith -Wcast-align -Wall -Werror _mkltmpOgcflh.c -o _mkltmpOgcflh.c.o  -L/home/deepakkumar/Public/DKD/Development/DiverseLynx_Assignment/assignment1/node_modules/node-rdkafka/build/deps  -lm -lssl -lcrypto -lcrypto -ldl -lpthread -lrt -lpthread -lrt: _mkltmpOgcflh.c: In function ‘foo’:
_mkltmpOgcflh.c:6:11: error: implicit declaration of function ‘strlcpy’; did you mean ‘strncpy’? [-Werror=implicit-function-declaration]
    6 |    return strlcpy(dest, "something", sizeof(dest));
      |           ^~~~~~~
      |           strncpy
cc1: all warnings being treated as errors
DBG 153151: Setting strlcpy (strlcpy) status to failed (action disable)
DBG 153151: Check strlcpy (HAVE_STRLCPY, action disable (originally disable)) failed: compile check failed:
CC: CC
flags: 
gcc  -g -O2 -fPIC -Wall -Wsign-compare -Wfloat-equal -Wpointer-arith -Wcast-align -Wall -Werror _mkltmpOgcflh.c -o _mkltmpOgcflh.c.o  -L/home/deepakkumar/Public/DKD/Development/DiverseLynx_Assignment/assignment1/node_modules/node-rdkafka/build/deps  -lm -lssl -lcrypto -lcrypto -ldl -lpthread -lrt -lpthread -lrt:
_mkltmpOgcflh.c: In function ‘foo’:
_mkltmpOgcflh.c:6:11: error: implicit declaration of function ‘strlcpy’; did you mean ‘strncpy’? [-Werror=implicit-function-declaration]
    6 |    return strlcpy(dest, "something", sizeof(dest));
      |           ^~~~~~~
      |           strncpy
cc1: all warnings being treated as errors
source: 
#define _DARWIN_C_SOURCE
#include <string.h>
int foo (void) {
    char dest[4];
   return strlcpy(dest, "something", sizeof(dest));
}
DBG 153151: Compile check strerror_r (HAVE_STRERROR_R) (sub=0): gcc  -g -O2 -fPIC -Wall -Wsign-compare -Wfloat-equal -Wpointer-arith -Wcast-align -Wall -Werror _mkltmp86fEv9.c -o _mkltmp86fEv9.c.o  -L/home/deepakkumar/Public/DKD/Development/DiverseLynx_Assignment/assignment1/node_modules/node-rdkafka/build/deps  -lm -lssl -lcrypto -lcrypto -ldl -lpthread -lrt -lpthread -lrt
DBG 153151: Setting strerror_r (strerror_r) status to ok (action disable)
DBG 153151: Compile check strcasestr (HAVE_STRCASESTR) (sub=0): gcc  -g -O2 -fPIC -Wall -Wsign-compare -Wfloat-equal -Wpointer-arith -Wcast-align -Wall -Werror _mkltmpptVV1E.c -o _mkltmpptVV1E.c.o  -L/home/deepakkumar/Public/DKD/Development/DiverseLynx_Assignment/assignment1/node_modules/node-rdkafka/build/deps  -lm -lssl -lcrypto -lcrypto -ldl -lpthread -lrt -lpthread -lrt
DBG 153151: Setting strcasestr (strcasestr) status to ok (action disable)
DBG 153151: Compile check pthread_setname_gnu (HAVE_PTHREAD_SETNAME_GNU) (sub=0): gcc  -g -O2 -fPIC -Wall -Wsign-compare -Wfloat-equal -Wpointer-arith -Wcast-align -Wall -Werror _mkltmpcnmS9O.c -o _mkltmpcnmS9O.c.o  -L/home/deepakkumar/Public/DKD/Development/DiverseLynx_Assignment/assignment1/node_modules/node-rdkafka/build/deps -D_GNU_SOURCE -lpthread -lm -lssl -lcrypto -lcrypto -ldl -lpthread -lrt -lpthread -lrt
DBG 153151: Setting pthread_setname_gnu (pthread_setname_gnu) status to ok (action disable)
DBG 153151: Setting nm (nm) status to ok (action cont)
DBG 153151: Setting python3 (python3) status to ok (action disable)
DBG 153151: Compile check getrusage (HAVE_GETRUSAGE) (sub=0): gcc  -g -O2 -fPIC -Wall -Wsign-compare -Wfloat-equal -Wpointer-arith -Wcast-align -Wall -Werror _mkltmpiDjg6F.c -o _mkltmpiDjg6F.c.o  -L/home/deepakkumar/Public/DKD/Development/DiverseLynx_Assignment/assignment1/node_modules/node-rdkafka/build/deps  -lm -lssl -lcrypto -lcrypto -ldl -lpthread -lrt -lpthread -lrt
DBG 153151: Setting getrusage (getrusage) status to ok (action disable)
